Removed Pin From Net: NetName=GND Pin=C12-2
Removed Pin From Net: NetName=VCC Pin=IC6-14
Removed Pin From Net: NetName=GND Pin=IC6-15
Removed Pin From Net: NetName=VCC Pin=IC6-16
Removed Pin From Net: NetName=SDA Pin=IC6-17
Removed Pin From Net: NetName=SCL Pin=IC6-18
Removed Pin From Net: NetName=VCC Pin=IC6-19
Removed Pin From Net: NetName=GND Pin=IC6-21
Removed Pin From Net: NetName=GND Pin=R9-1
Removed Pin From Net: NetName=GND Pin=S10-2
Removed Pin From Net: NetName=VCC Pin=S10-LC
Removed Pin From Net: NetName=GND Pin=S12-2
Removed Pin From Net: NetName=VCC Pin=S12-LC
Removed Pin From Net: NetName=VCC Pin=S13-LC
Removed Pin From Net: NetName=GND Pin=S14-2
Removed Pin From Net: NetName=VCC Pin=S14-LC
Removed Pin From Net: NetName=GND Pin=S16-2
Removed Pin From Net: NetName=VCC Pin=S16-LC
Removed Member From Class: ClassName=project_buran_schematic Member=C12
Removed Member From Class: ClassName=project_buran_schematic Member=IC6
Removed Member From Class: ClassName=project_buran_schematic Member=R9
Removed Member From Class: ClassName=project_buran_schematic Member=S10
Removed Member From Class: ClassName=project_buran_schematic Member=S12
Removed Member From Class: ClassName=project_buran_schematic Member=S14
Removed Member From Class: ClassName=project_buran_schematic Member=S16
