Update Managed Component C1 From CMP-2006-02792-2[1uF] To CMP-2006-02792-2[GRM188R60J106ME47D] in project_buran.SchDoc
Update Managed Component C2 From CMP-2006-02792-2[1uF] To CMP-2006-02792-2[GRM188R60J106ME47D] in project_buran.SchDoc
Update Managed Component C3 From CMP-2006-02792-2[0.1uF] To CMP-2006-02792-2[GRM188R60J106ME47D] in project_buran.SchDoc
Update Managed Component C4 From CMP-2006-02792-2[0.1uF] To CMP-2006-02792-2[GRM188R60J106ME47D] in project_buran.SchDoc
Update Managed Component C5 From CMP-2006-02792-2[0.01uF] To CMP-2006-02792-2[GRM188R60J106ME47D] in project_buran.SchDoc
Update Managed Component C6 From CMP-2006-02792-2[0.1uF] To CMP-2006-02792-2[GRM188R60J106ME47D] in project_buran.SchDoc
Update Managed Component C7 From CMP-2006-02792-2[1uF] To CMP-2006-02792-2[GRM188R60J106ME47D] in project_buran.SchDoc
Update Managed Component C8 From CMP-2006-02792-2[GRM188R60J106ME47D] To CMP-2006-02792-2[GRM188R60J106ME47D] in project_buran.SchDoc
Update Managed Component C9 From CMP-2006-02792-2[GRM188R60J106ME47D] To CMP-2006-02792-2[GRM188R60J106ME47D] in project_buran.SchDoc
Update Managed Component C10 From CMP-2006-02792-2[0.1uF] To CMP-2006-02792-2[GRM188R60J106ME47D] in project_buran.SchDoc
Replace Part IC1 LP5012RUKR in C:\Users\Anton\Documents\project_buran\Project_Buran\project_buran.SchDoc with LP5012RUKR from SamacSys.SchLib
Replace Part IC2 LP5012RUKR in C:\Users\Anton\Documents\project_buran\Project_Buran\project_buran.SchDoc with LP5012RUKR from SamacSys.SchLib
Replace Part IC3 MAX3420EECJ+ in C:\Users\Anton\Documents\project_buran\Project_Buran\project_buran.SchDoc with MAX3420EECJ+ from SamacSys.SchLib
Replace Part IC4 AVR128DA28-I_SO in C:\Users\Anton\Documents\project_buran\Project_Buran\project_buran.SchDoc with AVR128DA28-I_SO from SamacSys.SchLib
Update Managed Component J1 From CMP-03360-000008-1[292303-7] To CMP-03360-000008-1[292303-7] in project_buran.SchDoc
Update Managed Component P1 From CMP-1502-01072-1[61300621121] To CMP-1502-01072-1[61300621121] in project_buran.SchDoc
Replace Part PS1 TLV75733PDBVR in C:\Users\Anton\Documents\project_buran\Project_Buran\project_buran.SchDoc with TLV75733PDBVR from SamacSys.SchLib
Update Managed Component R1 From CMP-2000-03854-1[10k] To CMP-2000-03854-1[CRCW0603110RFKEA] in project_buran.SchDoc
Update Managed Component R2 From CMP-2000-03854-1[<TBD>R] To CMP-2000-03854-1[CRCW0603110RFKEA] in project_buran.SchDoc
Update Managed Component R3 From CMP-2000-03854-1[<TBD>R] To CMP-2000-03854-1[CRCW0603110RFKEA] in project_buran.SchDoc
Update Managed Component R4 From CMP-2000-03854-1[4K7R] To CMP-2000-03854-1[CRCW0603110RFKEA] in project_buran.SchDoc
Update Managed Component R5 From CMP-2000-03854-1[4K7R] To CMP-2000-03854-1[CRCW0603110RFKEA] in project_buran.SchDoc
Update Managed Component R6 From CMP-2000-03854-1[33R] To CMP-2000-03854-1[CRCW0603110RFKEA] in project_buran.SchDoc
Update Managed Component R7 From CMP-2000-03854-1[33R] To CMP-2000-03854-1[CRCW0603110RFKEA] in project_buran.SchDoc
Replace Part S1 465M111172501 in C:\Users\Anton\Documents\project_buran\Project_Buran\project_buran.SchDoc with 465M111172501 from Altium_WS-PBTL (rev19a).IntLib
Replace Part S2 465M111172501 in C:\Users\Anton\Documents\project_buran\Project_Buran\project_buran.SchDoc with 465M111172501 from Altium_WS-PBTL (rev19a).IntLib
Replace Part S3 465M111172501 in C:\Users\Anton\Documents\project_buran\Project_Buran\project_buran.SchDoc with 465M111172501 from Altium_WS-PBTL (rev19a).IntLib
Replace Part S4 465M111172501 in C:\Users\Anton\Documents\project_buran\Project_Buran\project_buran.SchDoc with 465M111172501 from Altium_WS-PBTL (rev19a).IntLib
Replace Part S5 465M111172501 in C:\Users\Anton\Documents\project_buran\Project_Buran\project_buran.SchDoc with 465M111172501 from Altium_WS-PBTL (rev19a).IntLib
Replace Part S6 465M111172501 in C:\Users\Anton\Documents\project_buran\Project_Buran\project_buran.SchDoc with 465M111172501 from Altium_WS-PBTL (rev19a).IntLib
Replace Part S7 465M111172501 in C:\Users\Anton\Documents\project_buran\Project_Buran\project_buran.SchDoc with 465M111172501 from Altium_WS-PBTL (rev19a).IntLib
Replace Part S8 465M111172501 in C:\Users\Anton\Documents\project_buran\Project_Buran\project_buran.SchDoc with 465M111172501 from Altium_WS-PBTL (rev19a).IntLib
Update Managed Component SW1 From CMP-2000-05602-2[FSM4JSMA] To CMP-2000-05602-2[FSM4JSMA] in project_buran.SchDoc
Replace Part Y1 9B-12.000MAAJ-B in C:\Users\Anton\Documents\project_buran\Project_Buran\project_buran.SchDoc with 9B-12.000MAAJ-B from SamacSys.SchLib
