Update Managed Component C1 From CMP-2006-02792-2[1uF] To CMP-2006-02792-2[GRM188R60J106ME47D] in project_buran_schematic.SchDoc
Update Managed Component C2 From CMP-2006-02792-2[1uF] To CMP-2006-02792-2[GRM188R60J106ME47D] in project_buran_schematic.SchDoc
Update Managed Component C3 From CMP-2006-02792-2[1uF] To CMP-2006-02792-2[GRM188R60J106ME47D] in project_buran_schematic.SchDoc
Update Managed Component C4 From CMP-2006-02792-2[100nF] To CMP-2006-02792-2[GRM188R60J106ME47D] in project_buran_schematic.SchDoc
Update Managed Component C5 From CMP-2006-02792-2[100nF] To CMP-2006-02792-2[GRM188R60J106ME47D] in project_buran_schematic.SchDoc
Update Managed Component C6 From CMP-2006-02792-2[4.7uF] To CMP-2006-02792-2[GRM188R60J106ME47D] in project_buran_schematic.SchDoc
Update Managed Component C7 From CMP-2006-02792-2[1uF] To CMP-2006-02792-2[GRM188R60J106ME47D] in project_buran_schematic.SchDoc
Update Managed Component D1 From CMP-22017-000005-2[POWER LED] To CMP-22017-000005-2[LTST-C190GKT] in project_buran_schematic.SchDoc
Update Managed Component D2 From CMP-22017-000005-2[LED 1] To CMP-22017-000005-2[LTST-C190GKT] in project_buran_schematic.SchDoc
Update Managed Component D3 From CMP-22017-000005-2[LED 2] To CMP-22017-000005-2[LTST-C190GKT] in project_buran_schematic.SchDoc
Replace Part IC1 LP5012PWR in D:\Hardware Projects\Project Buran\project_buran\Project_Buran_Hardware\project_buran_schematic.SchDoc with LP5012PWR from SamacSys.SchLib
Replace Part IC2 MAX803SQ308T1G in D:\Hardware Projects\Project Buran\project_buran\Project_Buran_Hardware\project_buran_schematic.SchDoc with MAX803SQ308T1G from SamacSys.SchLib
Replace Part IC3 ATSAMD11D14A-SSUT in D:\Hardware Projects\Project Buran\project_buran\Project_Buran_Hardware\project_buran_schematic.SchDoc with ATSAMD11D14A-SSUT from SamacSys.SchLib
Replace Part J2 M50-3500542 in D:\Hardware Projects\Project Buran\project_buran\Project_Buran_Hardware\project_buran_schematic.SchDoc with M50-3500542 from SamacSys.SchLib
Replace Part PS1 TLV75733PDBVR in D:\Hardware Projects\Project Buran\project_buran\Project_Buran_Hardware\project_buran_schematic.SchDoc with TLV75733PDBVR from SamacSys.SchLib
Update Managed Component R1 From CMP-2000-03854-1[2K4] To CMP-2000-03854-1[CRCW0603110RFKEA] in project_buran_schematic.SchDoc
Update Managed Component R2 From CMP-2000-03854-1[4K7] To CMP-2000-03854-1[CRCW0603110RFKEA] in project_buran_schematic.SchDoc
Update Managed Component R3 From CMP-2000-03854-1[4K7] To CMP-2000-03854-1[CRCW0603110RFKEA] in project_buran_schematic.SchDoc
Update Managed Component R4 From CMP-2000-03854-1[10K] To CMP-2000-03854-1[CRCW0603110RFKEA] in project_buran_schematic.SchDoc
Update Managed Component R5 From CMP-2000-03854-1[30R] To CMP-2000-03854-1[CRCW0603110RFKEA] in project_buran_schematic.SchDoc
Update Managed Component R6 From CMP-2000-03854-1[30R] To CMP-2000-03854-1[CRCW0603110RFKEA] in project_buran_schematic.SchDoc
Update Managed Component R7 From CMP-2000-03854-1[30R] To CMP-2000-03854-1[CRCW0603110RFKEA] in project_buran_schematic.SchDoc
Replace Part S1 PB26-13M-B-WT-RGB-N in D:\Hardware Projects\Project Buran\project_buran\Project_Buran_Hardware\project_buran_schematic.SchDoc with PB26-13M-B-WT-RGB-N from BuranComponent.SchLib
Replace Part S2 PB26-13M-B-WT-RGB-N in D:\Hardware Projects\Project Buran\project_buran\Project_Buran_Hardware\project_buran_schematic.SchDoc with PB26-13M-B-WT-RGB-N from BuranComponent.SchLib
Replace Part S3 PB26-13M-B-WT-RGB-N in D:\Hardware Projects\Project Buran\project_buran\Project_Buran_Hardware\project_buran_schematic.SchDoc with PB26-13M-B-WT-RGB-N from BuranComponent.SchLib
Replace Part S4 PB26-13M-B-WT-RGB-N in D:\Hardware Projects\Project Buran\project_buran\Project_Buran_Hardware\project_buran_schematic.SchDoc with PB26-13M-B-WT-RGB-N from BuranComponent.SchLib
Update Managed Component SW1 From CMP-2000-05602-2[FSM4JSMA] To CMP-2000-05602-2[FSM4JSMA] in project_buran_schematic.SchDoc
Replace Part Y1 AB38T-32.768KHZ in D:\Hardware Projects\Project Buran\project_buran\Project_Buran_Hardware\project_buran_schematic.SchDoc with AB38T-32.768KHZ from SamacSys.SchLib
