Change Component Designator: Old Designator=C1 New Designator=C?
Change Component Designator: Old Designator=C2 New Designator=C?
Change Component Designator: Old Designator=C3 New Designator=C?
Change Component Designator: Old Designator=C11 New Designator=C?
Change Component Designator: Old Designator=C13 New Designator=C?
Change Component Designator: Old Designator=C14 New Designator=C?
Change Component Designator: Old Designator=IC1 New Designator=IC?
Change Component Designator: Old Designator=IC2 New Designator=IC?
Change Component Designator: Old Designator=IC3 New Designator=IC?
Change Component Designator: Old Designator=J2 New Designator=J?
Change Component Designator: Old Designator=P1 New Designator=P?
Change Component Designator: Old Designator=PS1 New Designator=PS?
Change Component Designator: Old Designator=R1 New Designator=R?
Change Component Designator: Old Designator=R2 New Designator=R?
Change Component Designator: Old Designator=R3 New Designator=R?
Change Component Designator: Old Designator=R8  New Designator=R?
Change Component Designator: Old Designator=S9 New Designator=S?
Change Component Designator: Old Designator=S11 New Designator=S?
Change Component Designator: Old Designator=S13 New Designator=S?
Change Component Designator: Old Designator=S15 New Designator=S?
Change Component Designator: Old Designator=SW2 New Designator=SW?
Change Component Designator: Old Designator=Y1 New Designator=Y?
