Removed Member From Class: ClassName=project_buran_schematic Member=C11
Removed Member From Class: ClassName=project_buran_schematic Member=C13
Removed Member From Class: ClassName=project_buran_schematic Member=C14
Removed Member From Class: ClassName=project_buran_schematic Member=IC5
Removed Member From Class: ClassName=project_buran_schematic Member=R8
Change Component Designator: OldDesignator=C1 NewDesignator=C5
Change Component Designator: OldDesignator=C2 NewDesignator=C4
Change Component Designator: OldDesignator=C3 NewDesignator=C6
Change Component Designator: OldDesignator=C11 NewDesignator=C1
Change Component Designator: OldDesignator=C13 NewDesignator=C2
Change Component Designator: OldDesignator=C14 NewDesignator=C3
Change Component Designator: OldDesignator=IC1 NewDesignator=IC3
Change Component Designator: OldDesignator=J2 NewDesignator=J1
Change Component Designator: OldDesignator=R1 NewDesignator=R2
Change Component Designator: OldDesignator=R2 NewDesignator=R3
Change Component Designator: OldDesignator=R3 NewDesignator=R4
Change Component Designator: OldDesignator=R8 NewDesignator=R1
Change Component Designator: OldDesignator=S9 NewDesignator=S1
Change Component Designator: OldDesignator=S11 NewDesignator=S2
Change Component Designator: OldDesignator=S13 NewDesignator=S3
Change Component Designator: OldDesignator=S15 NewDesignator=S4
Change Component Designator: OldDesignator=SW2 NewDesignator=SW1
Added Pin To Net: NetName=/RESET Pin=IC2-2
Added Pin To Net: NetName=/RESET Pin=IC3-11
Added Pin To Net: NetName=/RESET Pin=P1-10
Added Pin To Net: NetName=/RESET Pin=R4-1
Added Pin To Net: NetName=/RESET Pin=SW1-1
Added Net: Name=/RESET
Added Pin To Net: NetName=D_N Pin=IC3-14
Added Pin To Net: NetName=D_N Pin=J1-2
Added Net: Name=D_N
Added Pin To Net: NetName=D_P Pin=IC3-15
Added Pin To Net: NetName=D_P Pin=J1-3
Added Net: Name=D_P
Added Pin To Net: NetName=GND Pin=C1-2
Added Pin To Net: NetName=GND Pin=C2-2
Added Pin To Net: NetName=GND Pin=C3-2
Added Pin To Net: NetName=GND Pin=C4-2
Added Pin To Net: NetName=GND Pin=C5-2
Added Pin To Net: NetName=GND Pin=C6-2
Added Pin To Net: NetName=GND Pin=IC2-1
Added Pin To Net: NetName=GND Pin=IC3-16
Added Pin To Net: NetName=GND Pin=J1-4
Added Pin To Net: NetName=GND Pin=J1-5
Added Pin To Net: NetName=GND Pin=J1-6
Added Pin To Net: NetName=GND Pin=P1-3
Added Pin To Net: NetName=GND Pin=P1-5
Added Pin To Net: NetName=GND Pin=PS1-2
Added Pin To Net: NetName=GND Pin=R1-1
Added Pin To Net: NetName=GND Pin=S1-2
Added Pin To Net: NetName=GND Pin=S2-2
Added Pin To Net: NetName=GND Pin=S3-2
Added Pin To Net: NetName=GND Pin=S4-2
Added Pin To Net: NetName=GND Pin=SW1-3
Added Pin To Net: NetName=GND Pin=SW1-4
Added Net: Name=GND
Added Pin To Net: NetName=NetC1_1 Pin=C1-1
Added Net: Name=NetC1_1
Added Pin To Net: NetName=NetIC1_9 Pin=R1-2
Added Net: Name=NetIC1_9
Added Pin To Net: NetName=OUT0 Pin=S1-L1
Added Net: Name=OUT0
Added Pin To Net: NetName=OUT1 Pin=S1-L2
Added Net: Name=OUT1
Added Pin To Net: NetName=OUT2 Pin=S1-L3
Added Net: Name=OUT2
Added Pin To Net: NetName=OUT3 Pin=S2-L1
Added Net: Name=OUT3
Added Pin To Net: NetName=OUT4 Pin=S2-L2
Added Net: Name=OUT4
Added Pin To Net: NetName=OUT5 Pin=S2-L3
Added Net: Name=OUT5
Added Pin To Net: NetName=OUT6 Pin=S3-L1
Added Net: Name=OUT6
Added Pin To Net: NetName=OUT7 Pin=S3-L2
Added Net: Name=OUT7
Added Pin To Net: NetName=OUT8 Pin=S3-L3
Added Net: Name=OUT8
Added Pin To Net: NetName=OUT9 Pin=S4-L1
Added Net: Name=OUT9
Added Pin To Net: NetName=OUT10 Pin=S4-L2
Added Net: Name=OUT10
Added Pin To Net: NetName=OUT11 Pin=S4-L3
Added Net: Name=OUT11
Added Pin To Net: NetName=SCL Pin=IC3-7
Added Pin To Net: NetName=SCL Pin=R3-1
Added Net: Name=SCL
Added Pin To Net: NetName=SDA Pin=IC3-6
Added Pin To Net: NetName=SDA Pin=R2-1
Added Net: Name=SDA
Added Pin To Net: NetName=SW0 Pin=IC3-1
Added Pin To Net: NetName=SW0 Pin=S1-1
Added Net: Name=SW0
Added Pin To Net: NetName=SW1 Pin=IC3-2
Added Pin To Net: NetName=SW1 Pin=S2-1
Added Net: Name=SW1
Added Pin To Net: NetName=SW2 Pin=IC3-3
Added Pin To Net: NetName=SW2 Pin=S3-1
Added Net: Name=SW2
Added Pin To Net: NetName=SW3 Pin=IC3-8
Added Pin To Net: NetName=SW3 Pin=S4-1
Added Net: Name=SW3
Added Pin To Net: NetName=SWCLK Pin=IC3-12
Added Pin To Net: NetName=SWCLK Pin=P1-4
Added Net: Name=SWCLK
Added Pin To Net: NetName=SWDIO Pin=IC3-13
Added Pin To Net: NetName=SWDIO Pin=P1-2
Added Net: Name=SWDIO
Added Pin To Net: NetName=V_UNREG Pin=C2-1
Added Pin To Net: NetName=V_UNREG Pin=J1-1
Added Pin To Net: NetName=V_UNREG Pin=PS1-1
Added Pin To Net: NetName=V_UNREG Pin=PS1-3
Added Net: Name=V_UNREG
Added Pin To Net: NetName=VCC Pin=C3-1
Added Pin To Net: NetName=VCC Pin=C4-1
Added Pin To Net: NetName=VCC Pin=C5-1
Added Pin To Net: NetName=VCC Pin=C6-1
Added Pin To Net: NetName=VCC Pin=IC2-3
Added Pin To Net: NetName=VCC Pin=IC3-17
Added Pin To Net: NetName=VCC Pin=P1-1
Added Pin To Net: NetName=VCC Pin=PS1-5
Added Pin To Net: NetName=VCC Pin=R2-2
Added Pin To Net: NetName=VCC Pin=R3-2
Added Pin To Net: NetName=VCC Pin=R4-2
Added Pin To Net: NetName=VCC Pin=S1-LC
Added Pin To Net: NetName=VCC Pin=S2-LC
Added Pin To Net: NetName=VCC Pin=S3-LC
Added Pin To Net: NetName=VCC Pin=S4-LC
Added Net: Name=VCC
Added Pin To Net: NetName=XIN32 Pin=IC3-4
Added Pin To Net: NetName=XIN32 Pin=Y1-2
Added Net: Name=XIN32
Added Pin To Net: NetName=XOUT32 Pin=IC3-5
Added Pin To Net: NetName=XOUT32 Pin=Y1-1
Added Net: Name=XOUT32
Added Differential Pair: Name=D
Added Member To Class: ClassName=project_buran_schematic Member=Component C4 GRM188R60J106ME47D
Added Member To Class: ClassName=project_buran_schematic Member=Component C5 GRM188R60J106ME47D
Added Member To Class: ClassName=project_buran_schematic Member=Component C6 GRM188R60J106ME47D
Added Member To Class: ClassName=project_buran_schematic Member=Component IC3 ATSAMD11D14A-SSUT
Added Member To Class: ClassName=project_buran_schematic Member=Component R4 CRCW0603110RFKEA
