Removed Pin From Net: NetName=VCC Pin=P1-1
Removed Pin From Net: NetName=SWDIO Pin=P1-2
Removed Pin From Net: NetName=GND Pin=P1-3
Removed Pin From Net: NetName=SWCLK Pin=P1-4
Removed Pin From Net: NetName=GND Pin=P1-5
Removed Pin From Net: NetName=/RESET Pin=P1-10
Removed Member From Class: ClassName=project_buran_schematic Member=P1
Change Component Comment : Designator=R1 Old Comment=CRCW0603110RFKEA New Comment=2K4
Change Component Comment : Designator=R2 Old Comment=CRCW0603110RFKEA New Comment=4K7
Change Component Comment : Designator=R3 Old Comment=CRCW0603110RFKEA New Comment=4K7
Change Component Comment : Designator=R4 Old Comment=CRCW0603110RFKEA New Comment=10K
Change Component Comment : Designator=R5 Old Comment=CRCW0603110RFKEA New Comment=30R
Change Component Comment : Designator=R6 Old Comment=CRCW0603110RFKEA New Comment=30R
Change Component Comment : Designator=R7 Old Comment=CRCW0603110RFKEA New Comment=30R
Change Component Comment : Designator=C1 Old Comment=GRM188R60J106ME47D New Comment=1uF
Change Component Comment : Designator=C2 Old Comment=GRM188R60J106ME47D New Comment=1uF
Change Component Comment : Designator=C3 Old Comment=GRM188R60J106ME47D New Comment=1uF
Change Component Comment : Designator=C7 Old Comment=GRM188R60J106ME47D New Comment=1uF
Change Component Comment : Designator=C6 Old Comment=GRM188R60J106ME47D New Comment=4.7uF
Change Component Comment : Designator=C4 Old Comment=GRM188R60J106ME47D New Comment=100nF
Change Component Comment : Designator=C5 Old Comment=GRM188R60J106ME47D New Comment=100nF
Change Component Comment : Designator=D2 Old Comment=POWER LED New Comment=LED 1
Change Component Comment : Designator=D3 Old Comment=POWER LED New Comment=LED 2
Added Component: Designator=J2(M503500542)
Add component (AddParameter): Name = "Arrow Part Number"; Value = ""; VariantName = "[No Variations]"
Add component (AddParameter): Name = "Arrow Price/Stock"; Value = ""; VariantName = "[No Variations]"
Add component (AddParameter): Name = "Datasheet Link"; Value = "http://docs-emea.rs-online.com/webdocs/13d4/0900766b813d4011.pdf"; VariantName = "[No Variations]"
Add component (AddParameter): Name = "Height"; Value = "4.15mm"; VariantName = "[No Variations]"
Add component (AddParameter): Name = "Manufacturer_Name"; Value = "Harwin"; VariantName = "[No Variations]"
Add component (AddParameter): Name = "Manufacturer_Part_Number"; Value = "M50-3500542"; VariantName = "[No Variations]"
Add component (AddParameter): Name = "Mouser Part Number"; Value = "855-M50-3500542"; VariantName = "[No Variations]"
Add component (AddParameter): Name = "Mouser Price/Stock"; Value = "https://www.mouser.co.uk/ProductDetail/Harwin/M50-3500542?qs=9fQaSFfsqsyXI0P9tFOVoQ%3D%3D"; VariantName = "[No Variations]"
Added Pin To Net: NetName=VCC Pin=J2-1
Added Pin To Net: NetName=SWDIO Pin=J2-2
Added Pin To Net: NetName=GND Pin=J2-3
Added Pin To Net: NetName=SWCLK Pin=J2-4
Added Pin To Net: NetName=GND Pin=J2-5
Added Pin To Net: NetName=/RESET Pin=J2-10
Added Member To Class: ClassName=project_buran_schematic Member=Component J2 M50-3500542
