Change Component Footprint: Designator=S1 Old Footprint=PCBComponent_1 New Footprint=RGB Switch
Change Component Footprint: Designator=S2 Old Footprint=PCBComponent_1 New Footprint=RGB Switch
Change Component Footprint: Designator=S3 Old Footprint=PCBComponent_1 New Footprint=RGB Switch
Change Component Footprint: Designator=S4 Old Footprint=PCBComponent_1 New Footprint=RGB Switch
Added Pin To Net: NetName=SW0 Pin=S1-COM
Added Pin To Net: NetName=OUT0 Pin=S1-L1-
Added Pin To Net: NetName=VCC Pin=S1-L2+
Added Pin To Net: NetName=OUT2 Pin=S1-L3-
Added Pin To Net: NetName=OUT1 Pin=S1-L4-
Added Pin To Net: NetName=GND Pin=S1-NO
Added Pin To Net: NetName=SW1 Pin=S2-COM
Added Pin To Net: NetName=OUT3 Pin=S2-L1-
Added Pin To Net: NetName=VCC Pin=S2-L2+
Added Pin To Net: NetName=OUT5 Pin=S2-L3-
Added Pin To Net: NetName=OUT4 Pin=S2-L4-
Added Pin To Net: NetName=GND Pin=S2-NO
Added Pin To Net: NetName=SW2 Pin=S3-COM
Added Pin To Net: NetName=OUT6 Pin=S3-L1-
Added Pin To Net: NetName=VCC Pin=S3-L2+
Added Pin To Net: NetName=OUT8 Pin=S3-L3-
Added Pin To Net: NetName=OUT7 Pin=S3-L4-
Added Pin To Net: NetName=GND Pin=S3-NO
Added Pin To Net: NetName=SW3 Pin=S4-COM
Added Pin To Net: NetName=OUT9 Pin=S4-L1-
Added Pin To Net: NetName=VCC Pin=S4-L2+
Added Pin To Net: NetName=OUT11 Pin=S4-L3-
Added Pin To Net: NetName=OUT10 Pin=S4-L4-
Added Pin To Net: NetName=GND Pin=S4-NO
