Removed Pin From Net: NetName=V_UNREG Pin=J1-1
Removed Pin From Net: NetName=D_N Pin=J1-2
Removed Pin From Net: NetName=D_P Pin=J1-3
Removed Pin From Net: NetName=GND Pin=J1-4
Removed Pin From Net: NetName=GND Pin=J1-5
Removed Pin From Net: NetName=GND Pin=J1-6
Removed Member From Class: ClassName=project_buran_schematic Member=J1
Added Component: Designator=J?(HDRV10W64P254_2X5_1270X508X854P)
Add component (AddParameter): Name = "Arrow Part Number"; Value = ""; VariantName = "[No Variations]"
Add component (AddParameter): Name = "Arrow Price/Stock"; Value = ""; VariantName = "[No Variations]"
Add component (AddParameter): Name = "Datasheet Link"; Value = "http://www.farnell.com/datasheets/1697536.pdf"; VariantName = "[No Variations]"
Add component (AddParameter): Name = "Height"; Value = "8.54mm"; VariantName = "[No Variations]"
Add component (AddParameter): Name = "Manufacturer_Name"; Value = "MULTICOMP"; VariantName = "[No Variations]"
Add component (AddParameter): Name = "Manufacturer_Part_Number"; Value = "2213S-10G"; VariantName = "[No Variations]"
Add component (AddParameter): Name = "Mouser Part Number"; Value = ""; VariantName = "[No Variations]"
Add component (AddParameter): Name = "Mouser Price/Stock"; Value = ""; VariantName = "[No Variations]"
Added Pin To Net: NetName=V_UNREG Pin=J?-2
Added Pin To Net: NetName=D_P Pin=J?-4
Added Pin To Net: NetName=D_N Pin=J?-6
Added Pin To Net: NetName=GND Pin=J?-10
Change Net Name : Old Net Name=D_N New Net Name=TX_MCU
Change Net Name : Old Net Name=D_P New Net Name=RX_MCU
Added Member To Class: ClassName=project_buran_schematic Member=Component J? 2213S-10G
