Removed Pin From Net: NetName=SW0 Pin=S2-1
Removed Pin From Net: NetName=GND Pin=S2-2
Removed Pin From Net: NetName=OUT1 Pin=S2-L2
Removed Pin From Net: NetName=VCC Pin=S2-LC
Removed Pin From Net: NetName=SW1 Pin=S4-1
Removed Pin From Net: NetName=GND Pin=S4-2
Removed Pin From Net: NetName=OUT7 Pin=S4-L2
Removed Pin From Net: NetName=VCC Pin=S4-LC
Removed Pin From Net: NetName=SW2 Pin=S6-1
Removed Pin From Net: NetName=GND Pin=S6-2
Removed Pin From Net: NetName=OUT13 Pin=S6-L2
Removed Pin From Net: NetName=VCC Pin=S6-LC
Removed Pin From Net: NetName=SW3 Pin=S9-1
Removed Pin From Net: NetName=GND Pin=S9-2
Removed Pin From Net: NetName=OUT22 Pin=S9-L2
Removed Pin From Net: NetName=VCC Pin=S9-LC
Change Component Footprint: Designator=S2 Old Footprint=465M111172501 New Footprint=PCBComponent_1 - duplicate
Change Component Footprint: Designator=S4 Old Footprint=465M111172501 New Footprint=PCBComponent_1 - duplicate
Change Component Footprint: Designator=S6 Old Footprint=465M111172501 New Footprint=PCBComponent_1 - duplicate
Change Component Footprint: Designator=S9 Old Footprint=465M111172501 New Footprint=PCBComponent_1 - duplicate
Change Component Comment : Designator=S2 Old Comment=465M111172501 New Comment=PB26-13M-B-WT-RGB-N
Change Component Comment : Designator=S4 Old Comment=465M111172501 New Comment=PB26-13M-B-WT-RGB-N
Change Component Comment : Designator=S6 Old Comment=465M111172501 New Comment=PB26-13M-B-WT-RGB-N
Change Component Comment : Designator=S9 Old Comment=465M111172501 New Comment=PB26-13M-B-WT-RGB-N
Added Pin To Net: NetName=SW0 Pin=S2-COM
Added Pin To Net: NetName=VCC Pin=S2-L2
Added Pin To Net: NetName=OUT1 Pin=S2-L4
Added Pin To Net: NetName=GND Pin=S2-NO
Added Pin To Net: NetName=SW1 Pin=S4-COM
Added Pin To Net: NetName=VCC Pin=S4-L2
Added Pin To Net: NetName=OUT7 Pin=S4-L4
Added Pin To Net: NetName=GND Pin=S4-NO
Added Pin To Net: NetName=SW2 Pin=S6-COM
Added Pin To Net: NetName=VCC Pin=S6-L2
Added Pin To Net: NetName=OUT13 Pin=S6-L4
Added Pin To Net: NetName=GND Pin=S6-NO
Added Pin To Net: NetName=SW3 Pin=S9-COM
Added Pin To Net: NetName=VCC Pin=S9-L2
Added Pin To Net: NetName=OUT22 Pin=S9-L4
Added Pin To Net: NetName=GND Pin=S9-NO
