Removed Pin From Net: NetName=NetIC4_20 Pin=R6-2
Removed Pin From Net: NetName=NetIC4_21 Pin=R7-2
Added Component: Designator=IC1(QFN40P300X300X80-21N-D)
Add component (AddParameter): Name = "Arrow Part Number"; Value = "LP5012RUKR"; VariantName = "[No Variations]"
Add component (AddParameter): Name = "Arrow Price/Stock"; Value = "https://www.arrow.com/en/products/lp5012rukr/texas-instruments"; VariantName = "[No Variations]"
Add component (AddParameter): Name = "Datasheet Link"; Value = "http://www.ti.com/lit/gpn/LP5012"; VariantName = "[No Variations]"
Add component (AddParameter): Name = "Height"; Value = "0.8mm"; VariantName = "[No Variations]"
Add component (AddParameter): Name = "Manufacturer_Name"; Value = "Texas Instruments"; VariantName = "[No Variations]"
Add component (AddParameter): Name = "Manufacturer_Part_Number"; Value = "LP5012RUKR"; VariantName = "[No Variations]"
Add component (AddParameter): Name = "Mouser Part Number"; Value = "595-LP5012RUKR"; VariantName = "[No Variations]"
Add component (AddParameter): Name = "Mouser Price/Stock"; Value = "https://www.mouser.co.uk/ProductDetail/Texas-Instruments/LP5012RUKR/?qs=mAH9sUMRCts7Z0PlkfxWfA%3D%3D"; VariantName = "[No Variations]"
Added Component: Designator=IC2(QFN40P300X300X80-21N-D)
Add component (AddParameter): Name = "Arrow Part Number"; Value = "LP5012RUKR"; VariantName = "[No Variations]"
Add component (AddParameter): Name = "Arrow Price/Stock"; Value = "https://www.arrow.com/en/products/lp5012rukr/texas-instruments"; VariantName = "[No Variations]"
Add component (AddParameter): Name = "Datasheet Link"; Value = "http://www.ti.com/lit/gpn/LP5012"; VariantName = "[No Variations]"
Add component (AddParameter): Name = "Height"; Value = "0.8mm"; VariantName = "[No Variations]"
Add component (AddParameter): Name = "Manufacturer_Name"; Value = "Texas Instruments"; VariantName = "[No Variations]"
Add component (AddParameter): Name = "Manufacturer_Part_Number"; Value = "LP5012RUKR"; VariantName = "[No Variations]"
Add component (AddParameter): Name = "Mouser Part Number"; Value = "595-LP5012RUKR"; VariantName = "[No Variations]"
Add component (AddParameter): Name = "Mouser Price/Stock"; Value = "https://www.mouser.co.uk/ProductDetail/Texas-Instruments/LP5012RUKR/?qs=mAH9sUMRCts7Z0PlkfxWfA%3D%3D"; VariantName = "[No Variations]"
Added Component: Designator=IC3(QFP80P900X900X160-32N)
Add component (AddParameter): Name = "Arrow Part Number"; Value = ""; VariantName = "[No Variations]"
Add component (AddParameter): Name = "Arrow Price/Stock"; Value = ""; VariantName = "[No Variations]"
Add component (AddParameter): Name = "Datasheet Link"; Value = "https://pdfserv.maximintegrated.com/en/ds/MAX3420E.pdf"; VariantName = "[No Variations]"
Add component (AddParameter): Name = "Height"; Value = "1.6mm"; VariantName = "[No Variations]"
Add component (AddParameter): Name = "Manufacturer_Name"; Value = "Maxim Integrated"; VariantName = "[No Variations]"
Add component (AddParameter): Name = "Manufacturer_Part_Number"; Value = "MAX3420EECJ+"; VariantName = "[No Variations]"
Add component (AddParameter): Name = "Mouser Part Number"; Value = "700-MAX3420EECJ"; VariantName = "[No Variations]"
Add component (AddParameter): Name = "Mouser Price/Stock"; Value = "https://www.mouser.co.uk/ProductDetail/Maxim-Integrated/MAX3420EECJ%2b/?qs=1THa7WoU59F45gydMDQ7mg%3D%3D"; VariantName = "[No Variations]"
Added Component: Designator=IC4(SOIC127P1030X265-28N)
Add component (AddParameter): Name = "Arrow Part Number"; Value = "AVR128DA28-I/SO"; VariantName = "[No Variations]"
Add component (AddParameter): Name = "Arrow Price/Stock"; Value = "https://www.arrow.com/en/products/avr128da28-iso/microchip-technology"; VariantName = "[No Variations]"
Add component (AddParameter): Name = "Datasheet Link"; Value = "https://componentsearchengine.com/Datasheets/2/AVR128DA28-I_SO.pdf"; VariantName = "[No Variations]"
Add component (AddParameter): Name = "Height"; Value = "2.65mm"; VariantName = "[No Variations]"
Add component (AddParameter): Name = "Manufacturer_Name"; Value = "Microchip"; VariantName = "[No Variations]"
Add component (AddParameter): Name = "Manufacturer_Part_Number"; Value = "AVR128DA28-I/SO"; VariantName = "[No Variations]"
Add component (AddParameter): Name = "Mouser Part Number"; Value = "579-AVR128DA28-I/SO"; VariantName = "[No Variations]"
Add component (AddParameter): Name = "Mouser Price/Stock"; Value = "https://www.mouser.co.uk/ProductDetail/Microchip-Technology/AVR128DA28-I-SO?qs=xZ%2FP%252Ba9zWqZ3NQP19LtSGg%3D%3D"; VariantName = "[No Variations]"
Added Component: Designator=PS1(SOT95P280X145-5N)
Add component (AddParameter): Name = "Arrow Part Number"; Value = "TLV75733PDBVR"; VariantName = "[No Variations]"
Add component (AddParameter): Name = "Arrow Price/Stock"; Value = "https://www.arrow.com/en/products/tlv75733pdbvr/texas-instruments"; VariantName = "[No Variations]"
Add component (AddParameter): Name = "Datasheet Link"; Value = "http://www.ti.com/lit/gpn/tlv757p"; VariantName = "[No Variations]"
Add component (AddParameter): Name = "Height"; Value = "1.45mm"; VariantName = "[No Variations]"
Add component (AddParameter): Name = "Manufacturer_Name"; Value = "Texas Instruments"; VariantName = "[No Variations]"
Add component (AddParameter): Name = "Manufacturer_Part_Number"; Value = "TLV75733PDBVR"; VariantName = "[No Variations]"
Add component (AddParameter): Name = "Mouser Part Number"; Value = "595-TLV75733PDBVR"; VariantName = "[No Variations]"
Add component (AddParameter): Name = "Mouser Price/Stock"; Value = "https://www.mouser.co.uk/ProductDetail/Texas-Instruments/TLV75733PDBVR/?qs=y6ZabgHbY%252BwAAzSntTW34w%3D%3D"; VariantName = "[No Variations]"
Added Component: Designator=S1(465M111172501)
Add component (AddParameter): Name = "ComponentLink1Description"; Value = "Manufacturer"; VariantName = "[No Variations]"
Add component (AddParameter): Name = "ComponentLink1URL"; Value = "http://www.we-online.de"; VariantName = "[No Variations]"
Add component (AddParameter): Name = "ComponentLink2Description"; Value = "Datasheet"; VariantName = "[No Variations]"
Add component (AddParameter): Name = "ComponentLink2URL"; Value = "https://katalog.we-online.com/em/datasheet/465M111172501.pdf"; VariantName = "[No Variations]"
Add component (AddParameter): Name = "Contact Material"; Value = "Copper Alloy"; VariantName = "[No Variations]"
Add component (AddParameter): Name = "Contact Plating"; Value = "Gold"; VariantName = "[No Variations]"
Add component (AddParameter): Name = "Emitting Color"; Value = "Red & Green & Blue"; VariantName = "[No Variations]"
Add component (AddParameter): Name = "Mounting Technology"; Value = "THT"; VariantName = "[No Variations]"
Add component (AddParameter): Name = "Operating Temperature"; Value = "-40 to +85degC"; VariantName = "[No Variations]"
Add component (AddParameter): Name = "Operation Force"; Value = "200gf"; VariantName = "[No Variations]"
Add component (AddParameter): Name = "Packaging"; Value = "ESD Tray"; VariantName = "[No Variations]"
Add component (AddParameter): Name = "Part Number"; Value = "465M111172501"; VariantName = "[No Variations]"
Add component (AddParameter): Name = "Published Date"; Value = "September 2019"; VariantName = "[No Variations]"
Add component (AddParameter): Name = "Publisher"; Value = "Wurth Elektronik"; VariantName = "[No Variations]"
Add component (AddParameter): Name = "Rated Current"; Value = "100mA"; VariantName = "[No Variations]"
Add component (AddParameter): Name = "Rated Voltage"; Value = "12VDC"; VariantName = "[No Variations]"
Add component (AddParameter): Name = "Size"; Value = "15x15mm"; VariantName = "[No Variations]"
Add component (AddParameter): Name = "Terminal Material"; Value = "Copper Alloy"; VariantName = "[No Variations]"
Add component (AddParameter): Name = "Terminal Plating"; Value = "Tin"; VariantName = "[No Variations]"
Added Component: Designator=S2(465M111172501)
Add component (AddParameter): Name = "ComponentLink1Description"; Value = "Manufacturer"; VariantName = "[No Variations]"
Add component (AddParameter): Name = "ComponentLink1URL"; Value = "http://www.we-online.de"; VariantName = "[No Variations]"
Add component (AddParameter): Name = "ComponentLink2Description"; Value = "Datasheet"; VariantName = "[No Variations]"
Add component (AddParameter): Name = "ComponentLink2URL"; Value = "https://katalog.we-online.com/em/datasheet/465M111172501.pdf"; VariantName = "[No Variations]"
Add component (AddParameter): Name = "Contact Material"; Value = "Copper Alloy"; VariantName = "[No Variations]"
Add component (AddParameter): Name = "Contact Plating"; Value = "Gold"; VariantName = "[No Variations]"
Add component (AddParameter): Name = "Emitting Color"; Value = "Red & Green & Blue"; VariantName = "[No Variations]"
Add component (AddParameter): Name = "Mounting Technology"; Value = "THT"; VariantName = "[No Variations]"
Add component (AddParameter): Name = "Operating Temperature"; Value = "-40 to +85degC"; VariantName = "[No Variations]"
Add component (AddParameter): Name = "Operation Force"; Value = "200gf"; VariantName = "[No Variations]"
Add component (AddParameter): Name = "Packaging"; Value = "ESD Tray"; VariantName = "[No Variations]"
Add component (AddParameter): Name = "Part Number"; Value = "465M111172501"; VariantName = "[No Variations]"
Add component (AddParameter): Name = "Published Date"; Value = "September 2019"; VariantName = "[No Variations]"
Add component (AddParameter): Name = "Publisher"; Value = "Wurth Elektronik"; VariantName = "[No Variations]"
Add component (AddParameter): Name = "Rated Current"; Value = "100mA"; VariantName = "[No Variations]"
Add component (AddParameter): Name = "Rated Voltage"; Value = "12VDC"; VariantName = "[No Variations]"
Add component (AddParameter): Name = "Size"; Value = "15x15mm"; VariantName = "[No Variations]"
Add component (AddParameter): Name = "Terminal Material"; Value = "Copper Alloy"; VariantName = "[No Variations]"
Add component (AddParameter): Name = "Terminal Plating"; Value = "Tin"; VariantName = "[No Variations]"
Added Component: Designator=S3(465M111172501)
Add component (AddParameter): Name = "ComponentLink1Description"; Value = "Manufacturer"; VariantName = "[No Variations]"
Add component (AddParameter): Name = "ComponentLink1URL"; Value = "http://www.we-online.de"; VariantName = "[No Variations]"
Add component (AddParameter): Name = "ComponentLink2Description"; Value = "Datasheet"; VariantName = "[No Variations]"
Add component (AddParameter): Name = "ComponentLink2URL"; Value = "https://katalog.we-online.com/em/datasheet/465M111172501.pdf"; VariantName = "[No Variations]"
Add component (AddParameter): Name = "Contact Material"; Value = "Copper Alloy"; VariantName = "[No Variations]"
Add component (AddParameter): Name = "Contact Plating"; Value = "Gold"; VariantName = "[No Variations]"
Add component (AddParameter): Name = "Emitting Color"; Value = "Red & Green & Blue"; VariantName = "[No Variations]"
Add component (AddParameter): Name = "Mounting Technology"; Value = "THT"; VariantName = "[No Variations]"
Add component (AddParameter): Name = "Operating Temperature"; Value = "-40 to +85degC"; VariantName = "[No Variations]"
Add component (AddParameter): Name = "Operation Force"; Value = "200gf"; VariantName = "[No Variations]"
Add component (AddParameter): Name = "Packaging"; Value = "ESD Tray"; VariantName = "[No Variations]"
Add component (AddParameter): Name = "Part Number"; Value = "465M111172501"; VariantName = "[No Variations]"
Add component (AddParameter): Name = "Published Date"; Value = "September 2019"; VariantName = "[No Variations]"
Add component (AddParameter): Name = "Publisher"; Value = "Wurth Elektronik"; VariantName = "[No Variations]"
Add component (AddParameter): Name = "Rated Current"; Value = "100mA"; VariantName = "[No Variations]"
Add component (AddParameter): Name = "Rated Voltage"; Value = "12VDC"; VariantName = "[No Variations]"
Add component (AddParameter): Name = "Size"; Value = "15x15mm"; VariantName = "[No Variations]"
Add component (AddParameter): Name = "Terminal Material"; Value = "Copper Alloy"; VariantName = "[No Variations]"
Add component (AddParameter): Name = "Terminal Plating"; Value = "Tin"; VariantName = "[No Variations]"
Added Component: Designator=S4(465M111172501)
Add component (AddParameter): Name = "ComponentLink1Description"; Value = "Manufacturer"; VariantName = "[No Variations]"
Add component (AddParameter): Name = "ComponentLink1URL"; Value = "http://www.we-online.de"; VariantName = "[No Variations]"
Add component (AddParameter): Name = "ComponentLink2Description"; Value = "Datasheet"; VariantName = "[No Variations]"
Add component (AddParameter): Name = "ComponentLink2URL"; Value = "https://katalog.we-online.com/em/datasheet/465M111172501.pdf"; VariantName = "[No Variations]"
Add component (AddParameter): Name = "Contact Material"; Value = "Copper Alloy"; VariantName = "[No Variations]"
Add component (AddParameter): Name = "Contact Plating"; Value = "Gold"; VariantName = "[No Variations]"
Add component (AddParameter): Name = "Emitting Color"; Value = "Red & Green & Blue"; VariantName = "[No Variations]"
Add component (AddParameter): Name = "Mounting Technology"; Value = "THT"; VariantName = "[No Variations]"
Add component (AddParameter): Name = "Operating Temperature"; Value = "-40 to +85degC"; VariantName = "[No Variations]"
Add component (AddParameter): Name = "Operation Force"; Value = "200gf"; VariantName = "[No Variations]"
Add component (AddParameter): Name = "Packaging"; Value = "ESD Tray"; VariantName = "[No Variations]"
Add component (AddParameter): Name = "Part Number"; Value = "465M111172501"; VariantName = "[No Variations]"
Add component (AddParameter): Name = "Published Date"; Value = "September 2019"; VariantName = "[No Variations]"
Add component (AddParameter): Name = "Publisher"; Value = "Wurth Elektronik"; VariantName = "[No Variations]"
Add component (AddParameter): Name = "Rated Current"; Value = "100mA"; VariantName = "[No Variations]"
Add component (AddParameter): Name = "Rated Voltage"; Value = "12VDC"; VariantName = "[No Variations]"
Add component (AddParameter): Name = "Size"; Value = "15x15mm"; VariantName = "[No Variations]"
Add component (AddParameter): Name = "Terminal Material"; Value = "Copper Alloy"; VariantName = "[No Variations]"
Add component (AddParameter): Name = "Terminal Plating"; Value = "Tin"; VariantName = "[No Variations]"
Added Component: Designator=S5(465M111172501)
Add component (AddParameter): Name = "ComponentLink1Description"; Value = "Manufacturer"; VariantName = "[No Variations]"
Add component (AddParameter): Name = "ComponentLink1URL"; Value = "http://www.we-online.de"; VariantName = "[No Variations]"
Add component (AddParameter): Name = "ComponentLink2Description"; Value = "Datasheet"; VariantName = "[No Variations]"
Add component (AddParameter): Name = "ComponentLink2URL"; Value = "https://katalog.we-online.com/em/datasheet/465M111172501.pdf"; VariantName = "[No Variations]"
Add component (AddParameter): Name = "Contact Material"; Value = "Copper Alloy"; VariantName = "[No Variations]"
Add component (AddParameter): Name = "Contact Plating"; Value = "Gold"; VariantName = "[No Variations]"
Add component (AddParameter): Name = "Emitting Color"; Value = "Red & Green & Blue"; VariantName = "[No Variations]"
Add component (AddParameter): Name = "Mounting Technology"; Value = "THT"; VariantName = "[No Variations]"
Add component (AddParameter): Name = "Operating Temperature"; Value = "-40 to +85degC"; VariantName = "[No Variations]"
Add component (AddParameter): Name = "Operation Force"; Value = "200gf"; VariantName = "[No Variations]"
Add component (AddParameter): Name = "Packaging"; Value = "ESD Tray"; VariantName = "[No Variations]"
Add component (AddParameter): Name = "Part Number"; Value = "465M111172501"; VariantName = "[No Variations]"
Add component (AddParameter): Name = "Published Date"; Value = "September 2019"; VariantName = "[No Variations]"
Add component (AddParameter): Name = "Publisher"; Value = "Wurth Elektronik"; VariantName = "[No Variations]"
Add component (AddParameter): Name = "Rated Current"; Value = "100mA"; VariantName = "[No Variations]"
Add component (AddParameter): Name = "Rated Voltage"; Value = "12VDC"; VariantName = "[No Variations]"
Add component (AddParameter): Name = "Size"; Value = "15x15mm"; VariantName = "[No Variations]"
Add component (AddParameter): Name = "Terminal Material"; Value = "Copper Alloy"; VariantName = "[No Variations]"
Add component (AddParameter): Name = "Terminal Plating"; Value = "Tin"; VariantName = "[No Variations]"
Added Component: Designator=S6(465M111172501)
Add component (AddParameter): Name = "ComponentLink1Description"; Value = "Manufacturer"; VariantName = "[No Variations]"
Add component (AddParameter): Name = "ComponentLink1URL"; Value = "http://www.we-online.de"; VariantName = "[No Variations]"
Add component (AddParameter): Name = "ComponentLink2Description"; Value = "Datasheet"; VariantName = "[No Variations]"
Add component (AddParameter): Name = "ComponentLink2URL"; Value = "https://katalog.we-online.com/em/datasheet/465M111172501.pdf"; VariantName = "[No Variations]"
Add component (AddParameter): Name = "Contact Material"; Value = "Copper Alloy"; VariantName = "[No Variations]"
Add component (AddParameter): Name = "Contact Plating"; Value = "Gold"; VariantName = "[No Variations]"
Add component (AddParameter): Name = "Emitting Color"; Value = "Red & Green & Blue"; VariantName = "[No Variations]"
Add component (AddParameter): Name = "Mounting Technology"; Value = "THT"; VariantName = "[No Variations]"
Add component (AddParameter): Name = "Operating Temperature"; Value = "-40 to +85degC"; VariantName = "[No Variations]"
Add component (AddParameter): Name = "Operation Force"; Value = "200gf"; VariantName = "[No Variations]"
Add component (AddParameter): Name = "Packaging"; Value = "ESD Tray"; VariantName = "[No Variations]"
Add component (AddParameter): Name = "Part Number"; Value = "465M111172501"; VariantName = "[No Variations]"
Add component (AddParameter): Name = "Published Date"; Value = "September 2019"; VariantName = "[No Variations]"
Add component (AddParameter): Name = "Publisher"; Value = "Wurth Elektronik"; VariantName = "[No Variations]"
Add component (AddParameter): Name = "Rated Current"; Value = "100mA"; VariantName = "[No Variations]"
Add component (AddParameter): Name = "Rated Voltage"; Value = "12VDC"; VariantName = "[No Variations]"
Add component (AddParameter): Name = "Size"; Value = "15x15mm"; VariantName = "[No Variations]"
Add component (AddParameter): Name = "Terminal Material"; Value = "Copper Alloy"; VariantName = "[No Variations]"
Add component (AddParameter): Name = "Terminal Plating"; Value = "Tin"; VariantName = "[No Variations]"
Added Component: Designator=S7(465M111172501)
Add component (AddParameter): Name = "ComponentLink1Description"; Value = "Manufacturer"; VariantName = "[No Variations]"
Add component (AddParameter): Name = "ComponentLink1URL"; Value = "http://www.we-online.de"; VariantName = "[No Variations]"
Add component (AddParameter): Name = "ComponentLink2Description"; Value = "Datasheet"; VariantName = "[No Variations]"
Add component (AddParameter): Name = "ComponentLink2URL"; Value = "https://katalog.we-online.com/em/datasheet/465M111172501.pdf"; VariantName = "[No Variations]"
Add component (AddParameter): Name = "Contact Material"; Value = "Copper Alloy"; VariantName = "[No Variations]"
Add component (AddParameter): Name = "Contact Plating"; Value = "Gold"; VariantName = "[No Variations]"
Add component (AddParameter): Name = "Emitting Color"; Value = "Red & Green & Blue"; VariantName = "[No Variations]"
Add component (AddParameter): Name = "Mounting Technology"; Value = "THT"; VariantName = "[No Variations]"
Add component (AddParameter): Name = "Operating Temperature"; Value = "-40 to +85degC"; VariantName = "[No Variations]"
Add component (AddParameter): Name = "Operation Force"; Value = "200gf"; VariantName = "[No Variations]"
Add component (AddParameter): Name = "Packaging"; Value = "ESD Tray"; VariantName = "[No Variations]"
Add component (AddParameter): Name = "Part Number"; Value = "465M111172501"; VariantName = "[No Variations]"
Add component (AddParameter): Name = "Published Date"; Value = "September 2019"; VariantName = "[No Variations]"
Add component (AddParameter): Name = "Publisher"; Value = "Wurth Elektronik"; VariantName = "[No Variations]"
Add component (AddParameter): Name = "Rated Current"; Value = "100mA"; VariantName = "[No Variations]"
Add component (AddParameter): Name = "Rated Voltage"; Value = "12VDC"; VariantName = "[No Variations]"
Add component (AddParameter): Name = "Size"; Value = "15x15mm"; VariantName = "[No Variations]"
Add component (AddParameter): Name = "Terminal Material"; Value = "Copper Alloy"; VariantName = "[No Variations]"
Add component (AddParameter): Name = "Terminal Plating"; Value = "Tin"; VariantName = "[No Variations]"
Added Component: Designator=S8(465M111172501)
Add component (AddParameter): Name = "ComponentLink1Description"; Value = "Manufacturer"; VariantName = "[No Variations]"
Add component (AddParameter): Name = "ComponentLink1URL"; Value = "http://www.we-online.de"; VariantName = "[No Variations]"
Add component (AddParameter): Name = "ComponentLink2Description"; Value = "Datasheet"; VariantName = "[No Variations]"
Add component (AddParameter): Name = "ComponentLink2URL"; Value = "https://katalog.we-online.com/em/datasheet/465M111172501.pdf"; VariantName = "[No Variations]"
Add component (AddParameter): Name = "Contact Material"; Value = "Copper Alloy"; VariantName = "[No Variations]"
Add component (AddParameter): Name = "Contact Plating"; Value = "Gold"; VariantName = "[No Variations]"
Add component (AddParameter): Name = "Emitting Color"; Value = "Red & Green & Blue"; VariantName = "[No Variations]"
Add component (AddParameter): Name = "Mounting Technology"; Value = "THT"; VariantName = "[No Variations]"
Add component (AddParameter): Name = "Operating Temperature"; Value = "-40 to +85degC"; VariantName = "[No Variations]"
Add component (AddParameter): Name = "Operation Force"; Value = "200gf"; VariantName = "[No Variations]"
Add component (AddParameter): Name = "Packaging"; Value = "ESD Tray"; VariantName = "[No Variations]"
Add component (AddParameter): Name = "Part Number"; Value = "465M111172501"; VariantName = "[No Variations]"
Add component (AddParameter): Name = "Published Date"; Value = "September 2019"; VariantName = "[No Variations]"
Add component (AddParameter): Name = "Publisher"; Value = "Wurth Elektronik"; VariantName = "[No Variations]"
Add component (AddParameter): Name = "Rated Current"; Value = "100mA"; VariantName = "[No Variations]"
Add component (AddParameter): Name = "Rated Voltage"; Value = "12VDC"; VariantName = "[No Variations]"
Add component (AddParameter): Name = "Size"; Value = "15x15mm"; VariantName = "[No Variations]"
Add component (AddParameter): Name = "Terminal Material"; Value = "Copper Alloy"; VariantName = "[No Variations]"
Add component (AddParameter): Name = "Terminal Plating"; Value = "Tin"; VariantName = "[No Variations]"
Added Component: Designator=Y1(9B12000MAAJB)
Add component (AddParameter): Name = "Arrow Part Number"; Value = ""; VariantName = "[No Variations]"
Add component (AddParameter): Name = "Arrow Price/Stock"; Value = ""; VariantName = "[No Variations]"
Add component (AddParameter): Name = "Datasheet Link"; Value = "https://componentsearchengine.com/Datasheets/2/9B-12.000MAAJ-B.pdf"; VariantName = "[No Variations]"
Add component (AddParameter): Name = "Height"; Value = "3.68mm"; VariantName = "[No Variations]"
Add component (AddParameter): Name = "Manufacturer_Name"; Value = "TXC"; VariantName = "[No Variations]"
Add component (AddParameter): Name = "Manufacturer_Part_Number"; Value = "9B-12.000MAAJ-B"; VariantName = "[No Variations]"
Add component (AddParameter): Name = "Mouser Part Number"; Value = "717-9B-12.000MAAJ-B"; VariantName = "[No Variations]"
Add component (AddParameter): Name = "Mouser Price/Stock"; Value = "https://www.mouser.co.uk/ProductDetail/TXC-Corporation/9B-12000MAAJ-B?qs=65dIHZNch5trLKZkRFdipQ%3D%3D"; VariantName = "[No Variations]"
Added Pin To Net: NetName=NetC1_1 Pin=IC1-1
Added Pin To Net: NetName=OUT0 Pin=IC1-2
Added Pin To Net: NetName=OUT1 Pin=IC1-3
Added Pin To Net: NetName=OUT2 Pin=IC1-4
Added Pin To Net: NetName=OUT3 Pin=IC1-5
Added Pin To Net: NetName=OUT4 Pin=IC1-6
Added Pin To Net: NetName=OUT5 Pin=IC1-7
Added Pin To Net: NetName=OUT6 Pin=IC1-8
Added Pin To Net: NetName=OUT7 Pin=IC1-9
Added Pin To Net: NetName=OUT8 Pin=IC1-10
Added Pin To Net: NetName=OUT9 Pin=IC1-11
Added Pin To Net: NetName=OUT10 Pin=IC1-12
Added Pin To Net: NetName=OUT11 Pin=IC1-13
Added Pin To Net: NetName=GND Pin=IC1-14
Added Pin To Net: NetName=GND Pin=IC1-15
Added Pin To Net: NetName=VCC Pin=IC1-16
Added Pin To Net: NetName=SDA Pin=IC1-17
Added Pin To Net: NetName=SCL Pin=IC1-18
Added Pin To Net: NetName=VCC Pin=IC1-19
Added Pin To Net: NetName=NetIC1_20 Pin=IC1-20
Added Pin To Net: NetName=GND Pin=IC1-21
Added Pin To Net: NetName=NetC2_1 Pin=IC2-1
Added Pin To Net: NetName=OUT12 Pin=IC2-2
Added Pin To Net: NetName=OUT13 Pin=IC2-3
Added Pin To Net: NetName=OUT14 Pin=IC2-4
Added Pin To Net: NetName=OUT15 Pin=IC2-5
Added Pin To Net: NetName=OUT16 Pin=IC2-6
Added Pin To Net: NetName=OUT17 Pin=IC2-7
Added Pin To Net: NetName=OUT18 Pin=IC2-8
Added Pin To Net: NetName=OUT19 Pin=IC2-9
Added Pin To Net: NetName=OUT20 Pin=IC2-10
Added Pin To Net: NetName=OUT21 Pin=IC2-11
Added Pin To Net: NetName=OUT22 Pin=IC2-12
Added Pin To Net: NetName=OUT23 Pin=IC2-13
Added Pin To Net: NetName=VCC Pin=IC2-14
Added Pin To Net: NetName=GND Pin=IC2-15
Added Pin To Net: NetName=VCC Pin=IC2-16
Added Pin To Net: NetName=SDA Pin=IC2-17
Added Pin To Net: NetName=SCL Pin=IC2-18
Added Pin To Net: NetName=VCC Pin=IC2-19
Added Pin To Net: NetName=NetIC2_20 Pin=IC2-20
Added Pin To Net: NetName=GND Pin=IC2-21
Added Pin To Net: NetName=GPOUT0 Pin=IC3-1
Added Pin To Net: NetName=GPOUT1 Pin=IC3-2
Added Pin To Net: NetName=VCC Pin=IC3-3
Added Pin To Net: NetName=VCC Pin=IC3-4
Added Pin To Net: NetName=GND Pin=IC3-5
Added Pin To Net: NetName=GND Pin=IC3-6
Added Pin To Net: NetName=GPOUT2 Pin=IC3-7
Added Pin To Net: NetName=GPOUT3 Pin=IC3-8
Added Pin To Net: NetName=/RESET Pin=IC3-10
Added Pin To Net: NetName=SCK Pin=IC3-11
Added Pin To Net: NetName=/SS Pin=IC3-12
Added Pin To Net: NetName=MISO Pin=IC3-13
Added Pin To Net: NetName=MOSI Pin=IC3-14
Added Pin To Net: NetName=PD5 Pin=IC3-15
Added Pin To Net: NetName=PD4 Pin=IC3-17
Added Pin To Net: NetName=GND Pin=IC3-18
Added Pin To Net: NetName=GND Pin=IC3-19
Added Pin To Net: NetName=NetIC4_21 Pin=IC3-20
Added Pin To Net: NetName=NetIC4_20 Pin=IC3-21
Added Pin To Net: NetName=VCC Pin=IC3-22
Added Pin To Net: NetName=VCC Pin=IC3-23
Added Pin To Net: NetName=NetC7_1 Pin=IC3-24
Added Pin To Net: NetName=NetC8_1 Pin=IC3-26
Added Pin To Net: NetName=NetC9_1 Pin=IC3-27
Added Pin To Net: NetName=/SS Pin=IC4-1
Added Pin To Net: NetName=SW0 Pin=IC4-2
Added Pin To Net: NetName=SW1 Pin=IC4-3
Added Pin To Net: NetName=SW2 Pin=IC4-4
Added Pin To Net: NetName=SW3 Pin=IC4-5
Added Pin To Net: NetName=SW4 Pin=IC4-6
Added Pin To Net: NetName=SW5 Pin=IC4-7
Added Pin To Net: NetName=SW6 Pin=IC4-8
Added Pin To Net: NetName=SW7 Pin=IC4-9
Added Pin To Net: NetName=PD4 Pin=IC4-10
Added Pin To Net: NetName=PD5 Pin=IC4-11
Added Pin To Net: NetName=VCC Pin=IC4-14
Added Pin To Net: NetName=GND Pin=IC4-15
Added Pin To Net: NetName=GPOUT0 Pin=IC4-16
Added Pin To Net: NetName=GPOUT1 Pin=IC4-17
Added Pin To Net: NetName=/RESET Pin=IC4-18
Added Pin To Net: NetName=UPDI Pin=IC4-19
Added Pin To Net: NetName=VCC Pin=IC4-20
Added Pin To Net: NetName=GND Pin=IC4-21
Added Pin To Net: NetName=GPOUT2 Pin=IC4-22
Added Pin To Net: NetName=GPOUT3 Pin=IC4-23
Added Pin To Net: NetName=SDA Pin=IC4-24
Added Pin To Net: NetName=SCL Pin=IC4-25
Added Pin To Net: NetName=MOSI Pin=IC4-26
Added Pin To Net: NetName=MISO Pin=IC4-27
Added Pin To Net: NetName=SCK Pin=IC4-28
Added Pin To Net: NetName=V_UNREG Pin=PS1-1
Added Pin To Net: NetName=GND Pin=PS1-2
Added Pin To Net: NetName=V_UNREG Pin=PS1-3
Added Pin To Net: NetName=VCC Pin=PS1-5
Added Pin To Net: NetName=NetIC4_21 Pin=R6-2
Added Pin To Net: NetName=NetIC4_20 Pin=R7-2
Added Pin To Net: NetName=SW0 Pin=S1-1
Added Pin To Net: NetName=GND Pin=S1-2
Added Pin To Net: NetName=OUT0 Pin=S1-L1
Added Pin To Net: NetName=OUT1 Pin=S1-L2
Added Pin To Net: NetName=OUT2 Pin=S1-L3
Added Pin To Net: NetName=VCC Pin=S1-LC
Added Pin To Net: NetName=SW4 Pin=S2-1
Added Pin To Net: NetName=GND Pin=S2-2
Added Pin To Net: NetName=OUT12 Pin=S2-L1
Added Pin To Net: NetName=OUT13 Pin=S2-L2
Added Pin To Net: NetName=OUT14 Pin=S2-L3
Added Pin To Net: NetName=VCC Pin=S2-LC
Added Pin To Net: NetName=SW1 Pin=S3-1
Added Pin To Net: NetName=GND Pin=S3-2
Added Pin To Net: NetName=OUT3 Pin=S3-L1
Added Pin To Net: NetName=OUT4 Pin=S3-L2
Added Pin To Net: NetName=OUT5 Pin=S3-L3
Added Pin To Net: NetName=VCC Pin=S3-LC
Added Pin To Net: NetName=SW5 Pin=S4-1
Added Pin To Net: NetName=GND Pin=S4-2
Added Pin To Net: NetName=OUT15 Pin=S4-L1
Added Pin To Net: NetName=OUT16 Pin=S4-L2
Added Pin To Net: NetName=OUT17 Pin=S4-L3
Added Pin To Net: NetName=VCC Pin=S4-LC
Added Pin To Net: NetName=SW2 Pin=S5-1
Added Pin To Net: NetName=GND Pin=S5-2
Added Pin To Net: NetName=OUT6 Pin=S5-L1
Added Pin To Net: NetName=OUT7 Pin=S5-L2
Added Pin To Net: NetName=OUT8 Pin=S5-L3
Added Pin To Net: NetName=VCC Pin=S5-LC
Added Pin To Net: NetName=SW6 Pin=S6-1
Added Pin To Net: NetName=GND Pin=S6-2
Added Pin To Net: NetName=OUT18 Pin=S6-L1
Added Pin To Net: NetName=OUT19 Pin=S6-L2
Added Pin To Net: NetName=OUT20 Pin=S6-L3
Added Pin To Net: NetName=VCC Pin=S6-LC
Added Pin To Net: NetName=SW3 Pin=S7-1
Added Pin To Net: NetName=GND Pin=S7-2
Added Pin To Net: NetName=OUT9 Pin=S7-L1
Added Pin To Net: NetName=OUT10 Pin=S7-L2
Added Pin To Net: NetName=OUT11 Pin=S7-L3
Added Pin To Net: NetName=VCC Pin=S7-LC
Added Pin To Net: NetName=SW7 Pin=S8-1
Added Pin To Net: NetName=GND Pin=S8-2
Added Pin To Net: NetName=OUT21 Pin=S8-L1
Added Pin To Net: NetName=OUT22 Pin=S8-L2
Added Pin To Net: NetName=OUT23 Pin=S8-L3
Added Pin To Net: NetName=VCC Pin=S8-LC
Added Pin To Net: NetName=NetC9_1 Pin=Y1-1
Added Pin To Net: NetName=NetC8_1 Pin=Y1-2
Change Net Name : Old Net Name=NetIC4_20 New Net Name=NetIC3_21
Change Net Name : Old Net Name=NetIC4_21 New Net Name=NetIC3_20
Added Member To Class: ClassName=project_buran Member=Component IC1 LP5012RUKR
Added Member To Class: ClassName=project_buran Member=Component IC2 LP5012RUKR
Added Member To Class: ClassName=project_buran Member=Component IC3 MAX3420EECJ+
Added Member To Class: ClassName=project_buran Member=Component IC4 AVR128DA28-I_SO
Added Member To Class: ClassName=project_buran Member=Component PS1 TLV75733PDBVR
Added Member To Class: ClassName=project_buran Member=Component S1 465M111172501
Added Member To Class: ClassName=project_buran Member=Component S2 465M111172501
Added Member To Class: ClassName=project_buran Member=Component S3 465M111172501
Added Member To Class: ClassName=project_buran Member=Component S4 465M111172501
Added Member To Class: ClassName=project_buran Member=Component S5 465M111172501
Added Member To Class: ClassName=project_buran Member=Component S6 465M111172501
Added Member To Class: ClassName=project_buran Member=Component S7 465M111172501
Added Member To Class: ClassName=project_buran Member=Component S8 465M111172501
Added Member To Class: ClassName=project_buran Member=Component Y1 9B-12.000MAAJ-B
