Removed Pin From Net: NetName=OUT12 Pin=S3-L1
Removed Pin From Net: NetName=OUT14 Pin=S3-L3
Removed Pin From Net: NetName=OUT13 Pin=S3-L4
Removed Pin From Net: NetName=OUT3 Pin=S4-L1
Removed Pin From Net: NetName=OUT4 Pin=S4-L2
Removed Pin From Net: NetName=OUT5 Pin=S4-L3
Removed Pin From Net: NetName=OUT15 Pin=S5-L1
Removed Pin From Net: NetName=OUT17 Pin=S5-L3
Removed Pin From Net: NetName=OUT16 Pin=S5-L4
Removed Pin From Net: NetName=OUT6 Pin=S6-L1
Removed Pin From Net: NetName=OUT7 Pin=S6-L2
Removed Pin From Net: NetName=OUT8 Pin=S6-L3
Removed Pin From Net: NetName=OUT18 Pin=S7-L1
Removed Pin From Net: NetName=OUT20 Pin=S7-L3
Removed Pin From Net: NetName=OUT19 Pin=S7-L4
Removed Pin From Net: NetName=OUT21 Pin=S8-L1
Removed Pin From Net: NetName=OUT23 Pin=S8-L3
Removed Pin From Net: NetName=OUT22 Pin=S8-L4
Removed Pin From Net: NetName=OUT9 Pin=S9-L1
Removed Pin From Net: NetName=OUT10 Pin=S9-L2
Removed Pin From Net: NetName=OUT11 Pin=S9-L3
Added Pin To Net: NetName=OUT3 Pin=S3-L1
Added Pin To Net: NetName=OUT5 Pin=S3-L3
Added Pin To Net: NetName=OUT4 Pin=S3-L4
Added Pin To Net: NetName=OUT6 Pin=S4-L1
Added Pin To Net: NetName=OUT7 Pin=S4-L2
Added Pin To Net: NetName=OUT8 Pin=S4-L3
Added Pin To Net: NetName=OUT9 Pin=S5-L1
Added Pin To Net: NetName=OUT11 Pin=S5-L3
Added Pin To Net: NetName=OUT10 Pin=S5-L4
Added Pin To Net: NetName=OUT12 Pin=S6-L1
Added Pin To Net: NetName=OUT13 Pin=S6-L2
Added Pin To Net: NetName=OUT14 Pin=S6-L3
Added Pin To Net: NetName=OUT15 Pin=S7-L1
Added Pin To Net: NetName=OUT17 Pin=S7-L3
Added Pin To Net: NetName=OUT16 Pin=S7-L4
Added Pin To Net: NetName=OUT18 Pin=S8-L1
Added Pin To Net: NetName=OUT20 Pin=S8-L3
Added Pin To Net: NetName=OUT19 Pin=S8-L4
Added Pin To Net: NetName=OUT21 Pin=S9-L1
Added Pin To Net: NetName=OUT22 Pin=S9-L2
Added Pin To Net: NetName=OUT23 Pin=S9-L3
Added Member To Class: ClassName=project_buran_schematic Member=Component S1 FSM4JSMA
Added Member To Class: ClassName=project_buran_schematic Member=Component S2 465M111172501
Added Member To Class: ClassName=project_buran_schematic Member=Component S3 PB26-13M-B-WT-RGB-N
Added Member To Class: ClassName=project_buran_schematic Member=Component S4 465M111172501
Added Member To Class: ClassName=project_buran_schematic Member=Component S5 PB26-13M-B-WT-RGB-N
Added Member To Class: ClassName=project_buran_schematic Member=Component S6 465M111172501
Added Member To Class: ClassName=project_buran_schematic Member=Component S7 PB26-13M-B-WT-RGB-N
Added Member To Class: ClassName=project_buran_schematic Member=Component S8 PB26-13M-B-WT-RGB-N
