Change Component Designator: Old Designator=C11 New Designator=C?
Change Component Designator: Old Designator=C12 New Designator=C?
Change Component Designator: Old Designator=C13 New Designator=C?
Change Component Designator: Old Designator=C14 New Designator=C?
Change Component Designator: Old Designator=IC5 New Designator=IC?
Change Component Designator: Old Designator=IC6 New Designator=IC?
Change Component Designator: Old Designator=IC7 New Designator=IC?
Change Component Designator: Old Designator=P2 New Designator=P?
Change Component Designator: Old Designator=R8 New Designator=R?
Change Component Designator: Old Designator=R9 New Designator=R?
Change Component Designator: Old Designator=R10 New Designator=R?
Change Component Designator: Old Designator=R11 New Designator=R?
Change Component Designator: Old Designator=S9 New Designator=S?
Change Component Designator: Old Designator=S10 New Designator=S?
Change Component Designator: Old Designator=S11 New Designator=S?
Change Component Designator: Old Designator=S12 New Designator=S?
Change Component Designator: Old Designator=S13 New Designator=S?
Change Component Designator: Old Designator=S14 New Designator=S?
Change Component Designator: Old Designator=S15 New Designator=S?
Change Component Designator: Old Designator=S16 New Designator=S?
